# JRE version: Java(TM) SE Runtime Environment (13.0+33) (build 13-ea+33)
# Java VM: Java HotSpot(TM) 64-Bit Server VM (13-ea+33, mixed mode, sharing, tiered, compressed oops, g1 gc, windows-amd64)
Heap:
 garbage-first heap   total 89088K, used 42749K [0x0000000081a00000, 0x0000000100000000)
  region size 1024K, 3 young (3072K), 2 survivors (2048K)
 Metaspace       used 61637K, capacity 63118K, committed 63616K, reserved 1103872K
  class space    used 8369K, capacity 8933K, committed 9088K, reserved 1048576K
GC Heap History (20 events):
Event: 7621.954 GC heap before
{Heap before GC invocations=52 (full 0):
 garbage-first heap   total 89088K, used 72201K [0x0000000081a00000, 0x0000000100000000)
  region size 1024K, 36 young (36864K), 4 survivors (4096K)
 Metaspace       used 61637K, capacity 63118K, committed 63616K, reserved 1103872K
  class space    used 8369K, capacity 8933K, committed 9088K, reserved 1048576K
}
Event: 7621.958 GC heap after
{Heap after GC invocations=53 (full 0):
 garbage-first heap   total 89088K, used 39569K [0x0000000081a00000, 0x0000000100000000)
  region size 1024K, 1 young (1024K), 1 survivors (1024K)
 Metaspace       used 61637K, capacity 63118K, committed 63616K, reserved 1103872K
  class space    used 8369K, capacity 8933K, committed 9088K, reserved 1048576K
}
Event: 8098.701 GC heap before
{Heap before GC invocations=54 (full 0):
 garbage-first heap   total 89088K, used 73361K [0x0000000081a00000, 0x0000000100000000)
  region size 1024K, 34 young (34816K), 1 survivors (1024K)
 Metaspace       used 61637K, capacity 63118K, committed 63616K, reserved 1103872K
  class space    used 8369K, capacity 8933K, committed 9088K, reserved 1048576K
}
Event: 8098.703 GC heap after
{Heap after GC invocations=55 (full 0):
 garbage-first heap   total 89088K, used 39562K [0x0000000081a00000, 0x0000000100000000)
  region size 1024K, 1 young (1024K), 1 survivors (1024K)
 Metaspace       used 61637K, capacity 63118K, committed 63616K, reserved 1103872K
  class space    used 8369K, capacity 8933K, committed 9088K, reserved 1048576K
}
Event: 8588.583 GC heap before
{Heap before GC invocations=55 (full 0):
 garbage-first heap   total 89088K, used 74378K [0x0000000081a00000, 0x0000000100000000)
  region size 1024K, 35 young (35840K), 1 survivors (1024K)
 Metaspace       used 61637K, capacity 63118K, committed 63616K, reserved 1103872K
  class space    used 8369K, capacity 8933K, committed 9088K, reserved 1048576K
}
Event: 8588.584 GC heap after
{Heap after GC invocations=56 (full 0):
 garbage-first heap   total 89088K, used 39576K [0x0000000081a00000, 0x0000000100000000)
  region size 1024K, 1 young (1024K), 1 survivors (1024K)
 Metaspace       used 61637K, capacity 63118K, committed 63616K, reserved 1103872K
  class space    used 8369K, capacity 8933K, committed 9088K, reserved 1048576K
}
Event: 8942.443 GC heap before
{Heap before GC invocations=57 (full 0):
 garbage-first heap   total 89088K, used 73368K [0x0000000081a00000, 0x0000000100000000)
  region size 1024K, 35 young (35840K), 1 survivors (1024K)
 Metaspace       used 61637K, capacity 63118K, committed 63616K, reserved 1103872K
  class space    used 8369K, capacity 8933K, committed 9088K, reserved 1048576K
}
Event: 8942.445 GC heap after
{Heap after GC invocations=58 (full 0):
 garbage-first heap   total 89088K, used 42149K [0x0000000081a00000, 0x0000000100000000)
  region size 1024K, 3 young (3072K), 3 survivors (3072K)
 Metaspace       used 61637K, capacity 63118K, committed 63616K, reserved 1103872K
  class space    used 8369K, capacity 8933K, committed 9088K, reserved 1048576K
}
Event: 8943.205 GC heap before
{Heap before GC invocations=58 (full 0):
 garbage-first heap   total 89088K, used 43173K [0x0000000081a00000, 0x0000000100000000)
  region size 1024K, 4 young (4096K), 3 survivors (3072K)
 Metaspace       used 61637K, capacity 63118K, committed 63616K, reserved 1103872K
  class space    used 8369K, capacity 8933K, committed 9088K, reserved 1048576K
}
Event: 8943.219 GC heap after
{Heap after GC invocations=59 (full 0):
 garbage-first heap   total 89088K, used 38250K [0x0000000081a00000, 0x0000000100000000)
  region size 1024K, 1 young (1024K), 1 survivors (1024K)
 Metaspace       used 61637K, capacity 63118K, committed 63616K, reserved 1103872K
  class space    used 8369K, capacity 8933K, committed 9088K, reserved 1048576K
}
Event: 9410.418 GC heap before
{Heap before GC invocations=59 (full 0):
 garbage-first heap   total 89088K, used 73066K [0x0000000081a00000, 0x0000000100000000)
  region size 1024K, 35 young (35840K), 1 survivors (1024K)
 Metaspace       used 61637K, capacity 63118K, committed 63616K, reserved 1103872K
  class space    used 8369K, capacity 8933K, committed 9088K, reserved 1048576K
}
Event: 9410.423 GC heap after
{Heap after GC invocations=60 (full 0):
 garbage-first heap   total 89088K, used 38794K [0x0000000081a00000, 0x0000000100000000)
  region size 1024K, 1 young (1024K), 1 survivors (1024K)
 Metaspace       used 61637K, capacity 63118K, committed 63616K, reserved 1103872K
  class space    used 8369K, capacity 8933K, committed 9088K, reserved 1048576K
}
Event: 9898.140 GC heap before
{Heap before GC invocations=61 (full 0):
 garbage-first heap   total 89088K, used 73610K [0x0000000081a00000, 0x0000000100000000)
  region size 1024K, 35 young (35840K), 1 survivors (1024K)
 Metaspace       used 61637K, capacity 63118K, committed 63616K, reserved 1103872K
  class space    used 8369K, capacity 8933K, committed 9088K, reserved 1048576K
}
Event: 9898.142 GC heap after
{Heap after GC invocations=62 (full 0):
 garbage-first heap   total 89088K, used 38786K [0x0000000081a00000, 0x0000000100000000)
  region size 1024K, 1 young (1024K), 1 survivors (1024K)
 Metaspace       used 61637K, capacity 63118K, committed 63616K, reserved 1103872K
  class space    used 8369K, capacity 8933K, committed 9088K, reserved 1048576K
}
Event: 10386.701 GC heap before
{Heap before GC invocations=62 (full 0):
 garbage-first heap   total 89088K, used 73602K [0x0000000081a00000, 0x0000000100000000)
  region size 1024K, 35 young (35840K), 1 survivors (1024K)
 Metaspace       used 61637K, capacity 63118K, committed 63616K, reserved 1103872K
  class space    used 8369K, capacity 8933K, committed 9088K, reserved 1048576K
}
Event: 10386.702 GC heap after
{Heap after GC invocations=63 (full 0):
 garbage-first heap   total 89088K, used 38804K [0x0000000081a00000, 0x0000000100000000)
  region size 1024K, 1 young (1024K), 1 survivors (1024K)
 Metaspace       used 61637K, capacity 63118K, committed 63616K, reserved 1103872K
  class space    used 8369K, capacity 8933K, committed 9088K, reserved 1048576K
}
Event: 13679.429 GC heap before
{Heap before GC invocations=64 (full 0):
 garbage-first heap   total 89088K, used 71572K [0x0000000081a00000, 0x0000000100000000)
  region size 1024K, 35 young (35840K), 1 survivors (1024K)
 Metaspace       used 61637K, capacity 63118K, committed 63616K, reserved 1103872K
  class space    used 8369K, capacity 8933K, committed 9088K, reserved 1048576K
}
Event: 13679.432 GC heap after
{Heap after GC invocations=65 (full 0):
 garbage-first heap   total 89088K, used 41366K [0x0000000081a00000, 0x0000000100000000)
  region size 1024K, 5 young (5120K), 5 survivors (5120K)
 Metaspace       used 61637K, capacity 63118K, committed 63616K, reserved 1103872K
  class space    used 8369K, capacity 8933K, committed 9088K, reserved 1048576K
}
Event: 14054.720 GC heap before
{Heap before GC invocations=65 (full 0):
 garbage-first heap   total 89088K, used 73110K [0x0000000081a00000, 0x0000000100000000)
  region size 1024K, 36 young (36864K), 5 survivors (5120K)
 Metaspace       used 61637K, capacity 63118K, committed 63616K, reserved 1103872K
  class space    used 8369K, capacity 8933K, committed 9088K, reserved 1048576K
}
Event: 14054.723 GC heap after
{Heap after GC invocations=66 (full 0):
 garbage-first heap   total 89088K, used 42749K [0x0000000081a00000, 0x0000000100000000)
  region size 1024K, 2 young (2048K), 2 survivors (2048K)
 Metaspace       used 61637K, capacity 63118K, committed 63616K, reserved 1103872K
  class space    used 8369K, capacity 8933K, committed 9088K, reserved 1048576K
}

